<?xml version="1.0" encoding="UTF-8"?>
<!-- Generated by org.testng.reporters.JUnitReportReporter -->
<testsuite hostname="CHNMCT369326L" failures="0" tests="6" name="com.testCases.dropDownTest" time="14.869" errors="1" timestamp="2020-10-18T13:09:40 IST" skipped="5">
  <testcase classname="com.testCases.dropDownTest" name="dropDownDealsTest" time="0.000">
    <skipped/>
  </testcase> <!-- dropDownDealsTest -->
  <system-out/>
  <testcase classname="com.testCases.dropDownTest" name="dropDownElectronicsTest" time="0.000">
    <skipped/>
  </testcase> <!-- dropDownElectronicsTest -->
  <system-out/>
  <testcase classname="com.testCases.dropDownTest" name="dropDownApplianceTest" time="0.000">
    <skipped/>
  </testcase> <!-- dropDownApplianceTest -->
  <system-out/>
  <testcase classname="com.testCases.dropDownTest" name="dropDownWatchesTest" time="0.000">
    <skipped/>
  </testcase> <!-- dropDownWatchesTest -->
  <system-out/>
  <testcase classname="com.testCases.dropDownTest" name="beforeMethod" time="14.869">
    <error type="java.lang.RuntimeException">
      <![CDATA[java.lang.RuntimeException
at com.amazon.selenium.base.SeleniumBase.startApp(SeleniumBase.java:288)
at com.qa.ApplicationSpecifics.ProjectSpecificMethods.beforeMethod(ProjectSpecificMethods.java:41)
at java.base/jdk.internal.reflect.NativeMethodAccessorImpl.invoke0(Native Method)
at java.base/jdk.internal.reflect.NativeMethodAccessorImpl.invoke(NativeMethodAccessorImpl.java:62)
at java.base/jdk.internal.reflect.DelegatingMethodAccessorImpl.invoke(DelegatingMethodAccessorImpl.java:43)
at java.base/java.lang.reflect.Method.invoke(Method.java:566)
at org.testng.internal.MethodInvocationHelper.invokeMethod(MethodInvocationHelper.java:135)
at org.testng.internal.MethodInvocationHelper.invokeMethodConsideringTimeout(MethodInvocationHelper.java:64)
at org.testng.internal.ConfigInvoker.invokeConfigurationMethod(ConfigInvoker.java:364)
at org.testng.internal.ConfigInvoker.invokeConfigurations(ConfigInvoker.java:318)
at org.testng.internal.TestInvoker.runConfigMethods(TestInvoker.java:700)
at org.testng.internal.TestInvoker.invokeMethod(TestInvoker.java:527)
at org.testng.internal.TestInvoker.invokeTestMethod(TestInvoker.java:174)
at org.testng.internal.MethodRunner.runInSequence(MethodRunner.java:46)
at org.testng.internal.TestInvoker$MethodInvocationAgent.invoke(TestInvoker.java:821)
at org.testng.internal.TestInvoker.invokeTestMethods(TestInvoker.java:147)
at org.testng.internal.TestMethodWorker.invokeTestMethods(TestMethodWorker.java:146)
at org.testng.internal.TestMethodWorker.run(TestMethodWorker.java:128)
at java.base/java.util.ArrayList.forEach(ArrayList.java:1540)
at org.testng.TestRunner.privateRun(TestRunner.java:767)
at org.testng.TestRunner.run(TestRunner.java:588)
at org.testng.SuiteRunner.runTest(SuiteRunner.java:384)
at org.testng.SuiteRunner.runSequentially(SuiteRunner.java:378)
at org.testng.SuiteRunner.privateRun(SuiteRunner.java:337)
at org.testng.SuiteRunner.run(SuiteRunner.java:286)
at org.testng.SuiteRunnerWorker.runSuite(SuiteRunnerWorker.java:53)
at org.testng.SuiteRunnerWorker.run(SuiteRunnerWorker.java:96)
at org.testng.TestNG.runSuitesSequentially(TestNG.java:1214)
at org.testng.TestNG.runSuitesLocally(TestNG.java:1136)
at org.testng.TestNG.runSuites(TestNG.java:1066)
at org.testng.TestNG.run(TestNG.java:1034)
at org.testng.remote.AbstractRemoteTestNG.run(AbstractRemoteTestNG.java:115)
at org.testng.remote.RemoteTestNG.initAndRun(RemoteTestNG.java:251)
at org.testng.remote.RemoteTestNG.main(RemoteTestNG.java:77)
]]>
    </error>
  </testcase> <!-- beforeMethod -->
  <system-out/>
  <testcase classname="com.testCases.dropDownTest" name="dropDownkindleStoreTest" time="0.000">
    <skipped/>
  </testcase> <!-- dropDownkindleStoreTest -->
  <system-out/>
</testsuite> <!-- com.testCases.dropDownTest -->
