<?xml version="1.0" encoding="UTF-8"?>
<!-- Generated by org.testng.reporters.JUnitReportReporter -->
<testsuite hostname="CHNMCT369326L" failures="0" tests="3" name="com.testCases.MobileFlow" time="138.442" errors="0" timestamp="07 Aug 2020 07:32:57 GMT" skipped="0">
  <testcase classname="com.testCases.MobileFlow" name="TC_003_RealmeMobileFunctionality" time="45.890"/>
  <testcase classname="com.testCases.MobileFlow" name="TC_001_LGMobileFunctionality" time="43.889"/>
  <testcase classname="com.testCases.MobileFlow" name="TC_002_OppoMobileFunctionality" time="48.663"/>
</testsuite> <!-- com.testCases.MobileFlow -->
