<?xml version="1.0" encoding="UTF-8"?>
<!-- Generated by org.testng.reporters.JUnitReportReporter -->
<testsuite hostname="CHNMCT369326L" failures="0" tests="3" name="com.test.concepts.Login_Guru_DataProviderConcept" time="107.684" errors="0" timestamp="31 Jul 2020 10:36:00 GMT" skipped="0">
  <testcase classname="com.test.concepts.Login_Guru_DataProviderConcept" name="login" time="28.690"/>
  <testcase classname="com.test.concepts.Login_Guru_DataProviderConcept" name="login" time="46.140"/>
  <testcase classname="com.test.concepts.Login_Guru_DataProviderConcept" name="login" time="32.854"/>
</testsuite> <!-- com.test.concepts.Login_Guru_DataProviderConcept -->
