<?xml version="1.0" encoding="UTF-8"?>
<!-- Generated by org.testng.reporters.JUnitReportReporter -->
<testsuite hostname="CHNMCT369326L" failures="0" tests="3" name="com.testCases.TestingLaptopFlow" time="104.146" errors="0" timestamp="07 Aug 2020 07:15:56 GMT" skipped="0">
  <testcase classname="com.testCases.TestingLaptopFlow" name="TC_003_AsusLaptopFunctionality" time="49.945"/>
  <testcase classname="com.testCases.TestingLaptopFlow" name="TC_001_AppleLaptopFunctionality" time="24.971"/>
  <testcase classname="com.testCases.TestingLaptopFlow" name="TC_002_AcerLaptopFunctionality" time="29.230"/>
</testsuite> <!-- com.testCases.TestingLaptopFlow -->
