<?xml version="1.0" encoding="UTF-8"?>
<!-- Generated by org.testng.reporters.JUnitReportReporter -->
<testsuite hostname="CHNMCT369326L" failures="0" tests="2" name="com.test.ExtentReporting.ExtentDemo" time="20.857" errors="0" timestamp="07 Aug 2020 03:57:08 GMT" skipped="0">
  <testcase classname="com.test.ExtentReporting.ExtentDemo" name="extentReportsDemo_TC002" time="9.138"/>
  <testcase classname="com.test.ExtentReporting.ExtentDemo" name="extentReportsDemo" time="11.719"/>
</testsuite> <!-- com.test.ExtentReporting.ExtentDemo -->
